1697912216784:open D:\\\\IdeaProjects\\\\java-project-analyser-cli
1697912251313:list
1697912265588:quit
1697917898446:open D:\\\\IdeaProjects\\\\java-project-analyser-cli
1697917921624:func team.todaybest.analyser.service.impl.AnalysisServiceImpl methodRelationship
1697917940045:list
1697917971094:open D:\\\\IdeaProjects\\\\java-project-analyser-cli
1697917979364:list
1697918003093:func team.todaybest.analyser.service.impl.AnalysisServiceImpl methodRelationship
1697918192348:open D:\\\\IdeaProjects\\\\java-project-analyser-cli
1697918908753:func team.todaybest.analyser.service.impl.AnalysisServiceImpl methodRelationship
1697918915637:open D:\\\\IdeaProjects\\\\java-project-analyser-cli
1697918920326:func team.todaybest.analyser.service.impl.AnalysisServiceImpl methodRelationship
1697919029270:open D:\\\\IdeaProjects\\\\java-project-analyser-cli
1697919032729:func team.todaybest.analyser.service.impl.AnalysisServiceImpl methodRelationship
1697919079559:open D:\\\\IdeaProjects\\\\java-project-analyser-cli
1697919085220:func team.todaybest.analyser.service.impl.AnalysisServiceImpl methodRelationship
1697948997313:open D:\\\\IdeaProjects\\\\java-project-analyser-cli
1697949347522:open D:\\\\IdeaProjects\\\\java-project-analyser-cli\\\\src\\\\main\\\\java
1697949646544:func team.todaybest.analyser.service.impl.AnalysisServiceImpl methodRelationship
1697949953307:pnD\\\\darjcs\\aapoetaaye-l\\sc\\anjv
1697949959029:oe :IePoet\\jv-rjc-nlsrci\\r\\mi\\\\aaoeD\\IePoecsjaapoetaaye-i\\r\\mi\\ja
1697949963447:pnD\\IePojts\\aa-rjc-nlsr-l\\r\\an\\jv
1697949967412:pnD:\\darjcs\\a-rjctaayrc\\\\r\\\\an\\aa
1697949977496:pe :\\dPojcs\\aapoetaaye-l\\r\\man\\aa
1697949996655:pn :\\darjt\\\\v-rjc-nlsrcl\\sc\\an\\vaoe :\\darec\\jvpoetaayeci\\sc\\mi\\aaoe \\IePoet\\jvapoe-nlse-liscmi\\jv onD\\Iearet\\jv-rjc-nlsrci\\sc\\i\\jv onD\\IePoet\\jv-rjc-nye-l\\r\\mi\\jv
1697950013281:open D:\\\\IdeaProjects\\\\java-project-analyser-cli\\\\src\\\\main\\\\java
1697950017618:func team.todaybest.analyser.service.impl.AnalysisServiceImpl methodRelationship
1697950349765:stacktrace
1697952872991:open D:\\\\IdeaProjects\\\\java-project-analyser-cli\\\\src-delomboked\\\\main\\\\java\\\\team
1697952885996:func team.todaybest.analyser.service.impl.AnalysisServiceImpl methodRelationship
1697952891125:stacktrace
1697953004551:open D:\\\\IdeaProjects\\\\java-project-analyser-cli\\\\src-delomboked\\\\main\\\\java
1697953012792:func team.todaybest.analyser.service.impl.AnalysisServiceImpl methodRelationship
1697953283247:open D:\\\\IdeaProjects\\\\java-project-analyser-sample\\\\src\\\\main\\\\java
1697953312081:func main.Test introduction
1697954137067:open C:\\\\Users\\\\cinea\\\\build\\\\commons-lang\\\\src\\\\main\\\\java
1697954223104:func org.apache.commons.lang3.StringUtils ordinalIndexOf
1697954249915:func org.apache.commons.lang3.StringUtils rightPad
1697954267285:func org.apache.commons.lang3.StringUtils rotate
1697964415845:open C:\\\\Users\\\\cinea\\\\build\\\\commons-lang\\\\src\\\\main\\\\java
1697965182065:func org.apache.commons.lang3.StringUtils rotate
1697965221105:open C:\\\\Users\\\\cinea\\\\build\\\\commons-lang\\\\src\\\\main\\\\java
1697965225633:func org.apache.commons.lang3.StringUtils rotate
1697971611332:open C:\\\\Users\\\\cinea\\\\build\\\\commons-lang\\\\src\\\\main\\\\java
1697971617308:func org.apache.commons.lang3.StringUtils rotate
1697971704364:open C:\\\\Users\\\\cinea\\\\build\\\\commons-lang\\\\src\\\\main\\\\java
1697971710803:func org.apache.commons.lang3.StringUtils rotate
1697972130910:func org.apache.commons.lang3.StringUtils isBlank
1697975969076:open C:\\\\Users\\\\cinea\\\\build\\\\commons-lang\\\\src\\\\main\\\\java
1697975974464:func org.apache.commons.lang3.StringUtils rotate
1697976031006:open C:\\\\Users\\\\cinea\\\\build\\\\commons-lang\\\\src\\\\main\\\\java
1697976036453:func org.apache.commons.lang3.StringUtils rotate
1697976054659:func org.apache.commons.lang3.StringUtils isBlank
1697976143318:open D:\\\\IdeaProjects\\\\java-project-analyser-sample\\\\src\\\\main\\\\java\\\\
1697976166848:func main.Test introduction
1697976210798:func main.Test sayHello
1697976998634:open D:\\\\IdeaProjects\\\\java-project-analyser-sample\\\\src\\\\main\\\\java
1697977013125:func main.Test sayHello
1697977025096:open C:\\\\Users\\\\cinea\\\\build\\\\commons-lang\\\\src\\\\main\\\\java
1697977032530:func org.apache.commons.lang3.StringUtils isBlank
1697977462784:open C:\\\\Users\\\\cinea\\\\build\\\\commons-lang\\\\src\\\\main\\\\java
1697977473143:func org.apache.commons.lang3.StringUtils isBlank 1
1697977487847:func org.apache.commons.lang3.StringUtils isBlank 3
1697990642370:open D:\\\\IdeaProjects\\\\java-project-analyser-sample\\\\src\\\\main\\\\java
1697990659502:func main.Test sayHello
1697990672492:param main.Test sayHello
1697990728866:help
1697990743046:open D:\\\\IdeaProjects\\\\java-project-analyser-sample\\\\src\\\\main\\\\java
1697990747610:param main.Test sayHello
1697990789550:open D:\\\\IdeaProjects\\\\java-project-analyser-sample\\\\src\\\\main\\\\java
1697990791596:param main.Test sayHello
1697990876021:open D:\\\\IdeaProjects\\\\java-project-analyser-sample\\\\src\\\\main\\\\java
1697990879022:param main.Test sayHello
1697991126816:open D:\\\\IdeaProjects\\\\java-project-analyser-sample\\\\src\\\\main\\\\java
1697991139142:param main.Test sayHello
1697991359681:open D:\\\\IdeaProjects\\\\java-project-analyser-sample\\\\src\\\\main\\\\java
1697991363957:param main.Test sayHello
1697991516080:open D:\\\\IdeaProjects\\\\java-project-analyser-sample\\\\src\\\\main\\\\java
1697991520757:param main.Test sayHello
1697991638507:open D:\\\\IdeaProjects\\\\java-project-analyser-sample\\\\src\\\\main\\\\java
1697991641098:param main.Test sayHello
1697991862621:open D:\\\\IdeaProjects\\\\java-project-analyser-sample\\\\src\\\\main\\\\java
1697991865239:param main.Test sayHello
1697991909826:open D:\\\\IdeaProjects\\\\java-project-analyser-sample\\\\src\\\\main\\\\java
1697991911795:param main.Test sayHello
1697992038183:open D:\\\\IdeaProjects\\\\java-project-analyser-sample\\\\src\\\\main\\\\java
1697992040366:param main.Test sayHello
1697992093656:open D:\\\\IdeaProjects\\\\java-project-analyser-sample\\\\src\\\\main\\\\java
1697992096249:param main.Test sayHello
1697992124238:open D:\\\\IdeaProjects\\\\java-project-analyser-sample\\\\src\\\\main\\\\java
1697992126405:param main.Test sayHello
1697992632615:func org.apache.commons.lang3.StringUtils rotate
1697992635549:open D:\\\\IdeaProjects\\\\java-project-analyser-sample\\\\src\\\\main\\\\java
1697992639023:param main.Test sayHello
1697993587325:open D:\\\\IdeaProjects\\\\java-project-analyser-sample\\\\src\\\\main\\\\java
1697993590709:param main.Test sayHello
1697993645380:func org.apache.commons.lang3.StringUtils rotate
1697993648614:open D:\\\\IdeaProjects\\\\java-project-analyser-sample\\\\src\\\\main\\\\java
1697993650445:param main.Test sayHello
1697993736619:open D:\\\\IdeaProjects\\\\java-project-analyser-sample\\\\src\\\\main\\\\java
1697993739046:param main.Test sayHello
1697993821789:open D:\\\\IdeaProjects\\\\java-project-analyser-sample\\\\src\\\\main\\\\java
1697993826215:param main.Test sayHello
1697993897479:open D:\\\\IdeaProjects\\\\java-project-analyser-sample\\\\src\\\\main\\\\java
1697993900279:param main.Test sayHello
1697993994141:open D:\\\\IdeaProjects\\\\java-project-analyser-sample\\\\src\\\\main\\\\java
1697993996748:param main.Test sayHello
1697994015978:open D:\\\\IdeaProjects\\\\java-project-analyser-sample\\\\src\\\\main\\\\java
1697994017965:param main.Test sayHello
1697994066112:open C:\\\\Users\\\\cinea\\\\build\\\\commons-lang\\\\src\\\\main\\\\java
1697994166647:param org.apache.commons.lang3.StringUtils isBlank
1697994219165:open C:\\\\Users\\\\cinea\\\\build\\\\commons-lang\\\\src\\\\main\\\\java
1697994224673:param org.apache.commons.lang3.StringUtils isBlank
1697994249282:stacktrace
1697994352140:open C:\\\\Users\\\\cinea\\\\build\\\\commons-lang\\\\src\\\\main\\\\java
1697994356933:param org.apache.commons.lang3.StringUtils isBlank
1697994376592:stacktrace
1697994401637:open C:\\\\Users\\\\cinea\\\\build\\\\commons-lang\\\\src\\\\main\\\\java
1697994405927:param org.apache.commons.lang3.StringUtils isBlank
1697996399299:open C:\\\\Users\\\\cinea\\\\build\\\\commons-lang\\\\src\\\\main\\\\java
1697996456190:param org.apache.commons.lang3.StringUtils isBlank
1697996459483:open D:\\\\IdeaProjects\\\\java-project-analyser-sample\\\\src\\\\main\\\\java
1697996464543:open C:\\\\Users\\\\cinea\\\\build\\\\commons-lang\\\\src\\\\main\\\\java
1697998587732:param org.apache.commons.lang3.StringUtils isBlank
1698000862385:open D:\\\\IdeaProjects\\\\java-project-analyser-sample\\\\src\\\\main\\\\java
1698000871863:func main.Test sayHello
1698001013449:aram main.Test sayHello
1698001021065:param main.Test sayHello
1698059633482:open C:\\\\Users\\\\cinea\\\\build\\\\commons-lang\\\\src\\\\main\\\\java
1698061399989:func func org.apache.commons.lang3.StringUtils isBlank
1698061413131:func org.apache.commons.lang3.StringUtils isBlank
1698061575815:open C:\\\\Users\\\\cinea\\\\build\\\\commons-lang\\\\src\\\\main\\\\java
1698061580936:func org.apache.commons.lang3.StringUtils isBlank
1698061630031:func org.apache.commons.lang3.StringUtils hasText
1698061683797:open D:\\\\IdeaProjects\\\\java-project-analyser-sample\\\\src\\\\main\\\\java
1698061690533:open C:\\\\Users\\\\cinea\\\\build\\\\commons-lang\\\\src\\\\main\\\\java
1698061706442:func org.apache.commons.lang3.StringUtils isNumeric
1698061761339:func org.apache.commons.lang3.StringUtils split
1698063272342:open C:\\\\Users\\\\cinea\\\\build\\\\commons-lang\\\\src\\\\main\\\\java
1698063512677:open D:\\\\IdeaProjects\\\\java-project-analyser-sample\\\\src\\\\main\\\\jav
1698063516088:open C:\\\\Users\\\\cinea\\\\build\\\\commons-lang\\\\src\\\\main\\\\java
1698063554980:open D:\\\\IdeaProjects\\\\java-project-analyser-sample\\\\src\\\\main\\\\jav
1698063558309:open C:\\\\Users\\\\cinea\\\\build\\\\commons-lang\\\\src\\\\main\\\\java
1698065357589:open D:\\\\IdeaProjects\\\\java-project-analyser-sample\\\\src\\\\main\\\\java
1698065372599:open C:\\\\Users\\\\cinea\\\\build\\\\commons-lang\\\\src\\\\main\\\\java
1698066050097:open D:\\\\IdeaProjects\\\\java-project-analyser-sample\\\\src\\\\main\\\\java
1698066625736:open C:\\\\Users\\\\cinea\\\\build\\\\commons-lang\\\\src\\\\main\\\\java
1698066943873:open D:\\\\IdeaProjects\\\\java-project-analyser-sample\\\\src\\\\main\\\\java
1698066959606:open C:\\\\Users\\\\cinea\\\\build\\\\commons-lang\\\\src\\\\main\\\\java
1698067255780:func org.apache.commons.lang3.StringUtils split
